<?xml version="1.0" encoding="UTF-8"?>
<!-- Generated by org.testng.reporters.JUnitReportReporter -->
<testsuite hostname="CPC477-0247n" failures="0" tests="1" name="tests.Three" time="4.738" errors="0" timestamp="2022-06-09T16:26:18 IST" skipped="0">
  <testcase classname="tests.Three" name="testThree" time="4.738"/>
  <system-out/>
</testsuite> <!-- tests.Three -->
