<?xml version="1.0" encoding="UTF-8"?>
<!-- Generated by org.testng.reporters.JUnitReportReporter -->
<testsuite hostname="CPC477-0247n" failures="0" tests="1" name="tests.One" time="6.172" errors="0" timestamp="2022-06-09T16:26:18 IST" skipped="0">
  <testcase classname="tests.One" name="testOne" time="6.172"/>
  <system-out/>
</testsuite> <!-- tests.One -->
