<?xml version="1.0" encoding="UTF-8"?>
<!-- Generated by org.testng.reporters.JUnitReportReporter -->
<testsuite hostname="CPC477-0247n" failures="0" tests="1" name="tests.One" time="5.532" errors="0" timestamp="2022-06-10T13:57:23 IST" skipped="0">
  <testcase classname="tests.One" name="testOne" time="5.532"/>
  <system-out/>
</testsuite> <!-- tests.One -->
